2025-05-05 10:26:00,292 - prediction_electorale - INFO - Logger initialisé
2025-05-05 10:26:00,292 - prediction_electorale - INFO - Démarrage du programme de prédiction électorale
2025-05-05 10:26:00,293 - prediction_electorale - INFO - Chargement des données...
2025-05-05 10:26:37,761 - prediction_electorale - INFO - Données chargées avec succès
2025-05-05 10:26:37,761 - prediction_electorale - INFO - Préparation des données...
2025-05-05 10:26:37,838 - prediction_electorale - INFO - Données préparées avec succès
2025-05-05 10:26:37,838 - prediction_electorale - INFO - Entraînement des modèles pour le premier tour...
2025-05-05 10:26:38,056 - prediction_electorale - INFO - Modèle Random Forest entraîné avec succès
2025-05-05 10:26:38,452 - prediction_electorale - INFO - Modèle Gradient Boosting entraîné avec succès
2025-05-05 10:26:38,721 - prediction_electorale - INFO - Modèle XGBoost entraîné avec succès
2025-05-05 10:26:38,721 - prediction_electorale - INFO - Performances du modèle Random_Forest - Premier tour : MAE=2.2260, MSE=24.0988, R²=0.7160
2025-05-05 10:26:38,721 - prediction_electorale - INFO - Performances du modèle Gradient_Boosting - Premier tour : MAE=2.2278, MSE=23.9753, R²=0.7174
2025-05-05 10:26:38,721 - prediction_electorale - INFO - Performances du modèle XGBoost - Premier tour : MAE=2.2332, MSE=24.0653, R²=0.7164
2025-05-05 10:26:38,722 - prediction_electorale - INFO - Affichage des performances des modèles du premier tour
2025-05-05 10:26:40,304 - prediction_electorale - INFO - Meilleur modèle pour le premier tour : Gradient_Boosting avec R²=0.7174
2025-05-05 10:26:40,305 - prediction_electorale - INFO - Modèle sélectionné pour les prédictions : Random_Forest
2025-05-05 10:26:40,305 - prediction_electorale - INFO - Chargement des données de prédiction...
2025-05-05 10:26:40,307 - prediction_electorale - INFO - Données chargées : 20 lignes, 30 colonnes
2025-05-05 10:26:40,308 - prediction_electorale - INFO - Normalisation des données de prédiction...
2025-05-05 10:26:40,311 - prediction_electorale - INFO - Prédiction des résultats pour 2025-2027...
2025-05-05 10:26:40,325 - prediction_electorale - INFO - Prédictions sauvegardées dans 'predictions_2025_2027_with_predictions.csv'
2025-05-05 10:26:40,325 - prediction_electorale - INFO - Ajustement des ratios de voix exprimées...
2025-05-05 10:26:40,331 - prediction_electorale - INFO - Somme des ratios par année avant ajustement: {2025: 42.85390372950476, 2026: 42.85390372950476, 2027: 43.33430777952182, 2028: 42.996001468235875}
2025-05-05 10:26:40,336 - prediction_electorale - INFO - Prédictions ajustées sauvegardées dans 'predictions_2025_2027_with_predictions_adjusted.csv'
2025-05-05 10:26:40,337 - prediction_electorale - INFO - Génération des visualisations pour le premier tour...
2025-05-05 10:26:42,197 - prediction_electorale - INFO - Visualisations du premier tour générées avec succès
2025-05-05 10:26:42,198 - prediction_electorale - INFO - Entraînement des modèles pour le second tour...
2025-05-05 10:26:42,430 - prediction_electorale - INFO - Modèle Random Forest (tour 2) entraîné avec succès
2025-05-05 10:26:42,676 - prediction_electorale - INFO - Modèle Gradient Boosting (tour 2) entraîné avec succès
2025-05-05 10:26:42,796 - prediction_electorale - INFO - Modèle XGBoost (tour 2) entraîné avec succès
2025-05-05 10:26:42,797 - prediction_electorale - INFO - Performances du modèle Random_Forest - Second tour : MAE=1.4327, MSE=11.6121, R²=0.9619
2025-05-05 10:26:42,797 - prediction_electorale - INFO - Performances du modèle Gradient_Boosting - Second tour : MAE=1.4231, MSE=11.4641, R²=0.9624
2025-05-05 10:26:42,797 - prediction_electorale - INFO - Performances du modèle XGBoost - Second tour : MAE=1.4376, MSE=11.6276, R²=0.9619
2025-05-05 10:26:42,797 - prediction_electorale - INFO - Affichage des performances des modèles du second tour
2025-05-05 10:26:44,852 - prediction_electorale - INFO - Meilleur modèle pour le second tour : Gradient_Boosting avec R²=0.9624
2025-05-05 10:26:44,852 - prediction_electorale - INFO - Modèle sélectionné pour les prédictions du second tour : Random_Forest
2025-05-05 10:26:44,853 - prediction_electorale - INFO - Préparation des données pour les prédictions du second tour...
2025-05-05 10:26:44,858 - prediction_electorale - INFO - Données triées : premiers candidats par année
2025-05-05 10:26:44,861 - prediction_electorale - INFO - Extraction des deux premiers candidats par année...
2025-05-05 10:26:44,900 - prediction_electorale - INFO - Candidats du second tour extraits : 8 candidats, sauvegardés dans 'predictions_2025_2027_top_2_duplicated.csv'
2025-05-05 10:26:44,900 - prediction_electorale - INFO - Normalisation des données pour le second tour...
2025-05-05 10:26:44,907 - prediction_electorale - INFO - Prédiction des résultats du second tour...
2025-05-05 10:26:44,917 - prediction_electorale - INFO - Somme des ratios par année (second tour) avant ajustement: {2025: 96.86378686043999, 2026: 96.86378686043999, 2027: 96.32397751006918, 2028: 96.4899004531811}
2025-05-05 10:26:44,917 - prediction_electorale - INFO - Ajustement des ratios pour le second tour...
2025-05-05 10:26:44,920 - prediction_electorale - INFO - Prédictions du second tour sauvegardées dans 'predictions_2025_2027_top_2_with_predictions_adjusted.csv'
2025-05-05 10:26:44,920 - prediction_electorale - INFO - Génération des visualisations pour le second tour...
2025-05-05 10:26:46,622 - prediction_electorale - INFO - Visualisations du second tour générées avec succès
2025-05-05 10:26:46,622 - prediction_electorale - INFO - Affichage des résultats finaux et des gagnants
2025-05-05 10:26:46,622 - prediction_electorale - INFO - Analyse des résultats du premier tour...
2025-05-05 10:26:46,633 - prediction_electorale - INFO - Analyse des résultats du second tour...
2025-05-05 10:26:46,644 - prediction_electorale - INFO - Programme terminé
