2025-05-05 10:26:49,129 - prediction_electorale - INFO - Logger initialisé
2025-05-05 10:26:49,130 - prediction_electorale - INFO - Démarrage du programme de prédiction électorale
2025-05-05 10:26:49,130 - prediction_electorale - INFO - Préparation des données...
2025-05-05 10:26:49,193 - prediction_electorale - INFO - Données préparées avec succès
2025-05-05 10:26:49,193 - prediction_electorale - INFO - Entraînement des modèles pour le premier tour...
2025-05-05 10:26:49,390 - prediction_electorale - INFO - Modèle Random Forest entraîné avec succès
2025-05-05 10:26:49,737 - prediction_electorale - INFO - Modèle Gradient Boosting entraîné avec succès
2025-05-05 10:26:49,974 - prediction_electorale - INFO - Modèle XGBoost entraîné avec succès
2025-05-05 10:26:49,975 - prediction_electorale - INFO - Performances du modèle Random_Forest - Premier tour : MAE=2.2260, MSE=24.0988, R²=0.7160
2025-05-05 10:26:49,975 - prediction_electorale - INFO - Performances du modèle Gradient_Boosting - Premier tour : MAE=2.2278, MSE=23.9753, R²=0.7174
2025-05-05 10:26:49,976 - prediction_electorale - INFO - Performances du modèle XGBoost - Premier tour : MAE=2.2332, MSE=24.0653, R²=0.7164
2025-05-05 10:26:49,976 - prediction_electorale - INFO - Affichage des performances des modèles du premier tour
2025-05-05 10:26:51,307 - prediction_electorale - INFO - Meilleur modèle pour le premier tour : Gradient_Boosting avec R²=0.7174
2025-05-05 10:26:51,307 - prediction_electorale - INFO - Modèle sélectionné pour les prédictions : Random_Forest
2025-05-05 10:26:51,309 - prediction_electorale - INFO - Chargement des données de prédiction...
2025-05-05 10:26:51,312 - prediction_electorale - INFO - Données chargées : 20 lignes, 30 colonnes
2025-05-05 10:26:51,312 - prediction_electorale - INFO - Normalisation des données de prédiction...
2025-05-05 10:26:51,314 - prediction_electorale - INFO - Prédiction des résultats pour 2025-2027...
2025-05-05 10:26:51,327 - prediction_electorale - INFO - Prédictions sauvegardées dans 'predictions_2025_2027_with_predictions.csv'
2025-05-05 10:26:51,328 - prediction_electorale - INFO - Ajustement des ratios de voix exprimées...
2025-05-05 10:26:51,335 - prediction_electorale - INFO - Somme des ratios par année avant ajustement: {2025: 42.85390372950476, 2026: 42.85390372950476, 2027: 43.33430777952182, 2028: 42.996001468235875}
2025-05-05 10:26:51,340 - prediction_electorale - INFO - Prédictions ajustées sauvegardées dans 'predictions_2025_2027_with_predictions_adjusted.csv'
2025-05-05 10:26:51,341 - prediction_electorale - INFO - Génération des visualisations pour le premier tour...
2025-05-05 10:26:52,995 - prediction_electorale - INFO - Visualisations du premier tour générées avec succès
2025-05-05 10:26:52,995 - prediction_electorale - INFO - Entraînement des modèles pour le second tour...
2025-05-05 10:26:53,263 - prediction_electorale - INFO - Modèle Random Forest (tour 2) entraîné avec succès
2025-05-05 10:26:53,480 - prediction_electorale - INFO - Modèle Gradient Boosting (tour 2) entraîné avec succès
2025-05-05 10:26:53,658 - prediction_electorale - INFO - Modèle XGBoost (tour 2) entraîné avec succès
2025-05-05 10:26:53,658 - prediction_electorale - INFO - Performances du modèle Random_Forest - Second tour : MAE=1.4327, MSE=11.6121, R²=0.9619
2025-05-05 10:26:53,658 - prediction_electorale - INFO - Performances du modèle Gradient_Boosting - Second tour : MAE=1.4231, MSE=11.4641, R²=0.9624
2025-05-05 10:26:53,659 - prediction_electorale - INFO - Performances du modèle XGBoost - Second tour : MAE=1.4376, MSE=11.6276, R²=0.9619
2025-05-05 10:26:53,659 - prediction_electorale - INFO - Affichage des performances des modèles du second tour
2025-05-05 10:26:55,609 - prediction_electorale - INFO - Meilleur modèle pour le second tour : Gradient_Boosting avec R²=0.9624
2025-05-05 10:26:55,609 - prediction_electorale - INFO - Modèle sélectionné pour les prédictions du second tour : Random_Forest
2025-05-05 10:26:55,610 - prediction_electorale - INFO - Préparation des données pour les prédictions du second tour...
2025-05-05 10:26:55,615 - prediction_electorale - INFO - Données triées : premiers candidats par année
2025-05-05 10:26:55,615 - prediction_electorale - INFO - Extraction des deux premiers candidats par année...
2025-05-05 10:26:55,625 - prediction_electorale - INFO - Candidats du second tour extraits : 8 candidats, sauvegardés dans 'predictions_2025_2027_top_2_duplicated.csv'
2025-05-05 10:26:55,627 - prediction_electorale - INFO - Normalisation des données pour le second tour...
2025-05-05 10:26:55,635 - prediction_electorale - INFO - Prédiction des résultats du second tour...
2025-05-05 10:26:55,645 - prediction_electorale - INFO - Somme des ratios par année (second tour) avant ajustement: {2025: 96.86378686043999, 2026: 96.86378686043999, 2027: 96.32397751006918, 2028: 96.4899004531811}
2025-05-05 10:26:55,646 - prediction_electorale - INFO - Ajustement des ratios pour le second tour...
2025-05-05 10:26:55,651 - prediction_electorale - INFO - Prédictions du second tour sauvegardées dans 'predictions_2025_2027_top_2_with_predictions_adjusted.csv'
2025-05-05 10:26:55,651 - prediction_electorale - INFO - Génération des visualisations pour le second tour...
